{"C:\\Users\\LENOVO THINKPAD\\projects\\courses\\code-401\\labs\\todo-app2\\src\\Components\\Form\\index.jsx": {"path":"C:\\Users\\LENOVO THINKPAD\\projects\\courses\\code-401\\labs\\todo-app2\\src\\Components\\Form\\index.jsx","statementMap":{"0":{"start":{"line":3,"column":13},"end":{"line":30,"column":1}},"1":{"start":{"line":4,"column":2},"end":{"line":28,"column":3}}},"fnMap":{"0":{"name":"(anonymous_0)","decl":{"start":{"line":3,"column":13},"end":{"line":3,"column":14}},"loc":{"start":{"line":3,"column":24},"end":{"line":30,"column":1}},"line":3}},"branchMap":{},"s":{"0":1,"1":1},"f":{"0":1},"b":{},"_coverageSchema":"1a1c01bbd47fc00a2c39e90264f33305004495a9","hash":"f3510c38d16d9203bd3b2750a5f9e4381caf9a67"}
,"C:\\Users\\LENOVO THINKPAD\\projects\\courses\\code-401\\labs\\todo-app2\\src\\Components\\Header\\index.jsx": {"path":"C:\\Users\\LENOVO THINKPAD\\projects\\courses\\code-401\\labs\\todo-app2\\src\\Components\\Header\\index.jsx","statementMap":{"0":{"start":{"line":4,"column":15},"end":{"line":13,"column":1}},"1":{"start":{"line":5,"column":2},"end":{"line":12,"column":3}}},"fnMap":{"0":{"name":"(anonymous_0)","decl":{"start":{"line":4,"column":15},"end":{"line":4,"column":16}},"loc":{"start":{"line":4,"column":21},"end":{"line":13,"column":1}},"line":4}},"branchMap":{},"s":{"0":1,"1":2},"f":{"0":2},"b":{},"_coverageSchema":"1a1c01bbd47fc00a2c39e90264f33305004495a9","hash":"10049623b74b8e4414819c923ec9052fc38e78e0"}
,"C:\\Users\\LENOVO THINKPAD\\projects\\courses\\code-401\\labs\\todo-app2\\src\\Components\\List\\index.jsx": {"path":"C:\\Users\\LENOVO THINKPAD\\projects\\courses\\code-401\\labs\\todo-app2\\src\\Components\\List\\index.jsx","statementMap":{"0":{"start":{"line":7,"column":13},"end":{"line":49,"column":1}},"1":{"start":{"line":8,"column":20},"end":{"line":8,"column":47}},"2":{"start":{"line":9,"column":2},"end":{"line":9,"column":34}},"3":{"start":{"line":10,"column":24},"end":{"line":10,"column":51}},"4":{"start":{"line":11,"column":21},"end":{"line":11,"column":87}},"5":{"start":{"line":11,"column":72},"end":{"line":11,"column":86}},"6":{"start":{"line":12,"column":0},"end":{"line":12,"column":23}},"7":{"start":{"line":13,"column":14},"end":{"line":13,"column":59}},"8":{"start":{"line":14,"column":2},"end":{"line":14,"column":20}},"9":{"start":{"line":15,"column":12},"end":{"line":15,"column":39}},"10":{"start":{"line":16,"column":17},"end":{"line":16,"column":57}},"11":{"start":{"line":17,"column":22},"end":{"line":17,"column":65}},"12":{"start":{"line":18,"column":2},"end":{"line":18,"column":26}},"13":{"start":{"line":19,"column":2},"end":{"line":48,"column":3}},"14":{"start":{"line":24,"column":10},"end":{"line":40,"column":17}},"15":{"start":{"line":38,"column":34},"end":{"line":38,"column":63}}},"fnMap":{"0":{"name":"(anonymous_0)","decl":{"start":{"line":7,"column":13},"end":{"line":7,"column":14}},"loc":{"start":{"line":7,"column":24},"end":{"line":49,"column":1}},"line":7},"1":{"name":"(anonymous_1)","decl":{"start":{"line":11,"column":65},"end":{"line":11,"column":66}},"loc":{"start":{"line":11,"column":72},"end":{"line":11,"column":86}},"line":11},"2":{"name":"(anonymous_2)","decl":{"start":{"line":22,"column":24},"end":{"line":22,"column":25}},"loc":{"start":{"line":24,"column":10},"end":{"line":40,"column":17}},"line":24},"3":{"name":"(anonymous_3)","decl":{"start":{"line":38,"column":28},"end":{"line":38,"column":29}},"loc":{"start":{"line":38,"column":34},"end":{"line":38,"column":63}},"line":38}},"branchMap":{"0":{"loc":{"start":{"line":11,"column":21},"end":{"line":11,"column":87}},"type":"cond-expr","locations":[{"start":{"line":11,"column":36},"end":{"line":11,"column":46}},{"start":{"line":11,"column":47},"end":{"line":11,"column":87}}],"line":11},"1":{"loc":{"start":{"line":17,"column":22},"end":{"line":17,"column":65}},"type":"cond-expr","locations":[{"start":{"line":17,"column":33},"end":{"line":17,"column":61}},{"start":{"line":17,"column":63},"end":{"line":17,"column":65}}],"line":17}},"s":{"0":1,"1":3,"2":2,"3":0,"4":0,"5":0,"6":0,"7":0,"8":0,"9":0,"10":0,"11":0,"12":0,"13":0,"14":0,"15":0},"f":{"0":3,"1":0,"2":0,"3":0},"b":{"0":[0,0],"1":[0,0]},"_coverageSchema":"1a1c01bbd47fc00a2c39e90264f33305004495a9","hash":"e036542b047d6bc7317b46937821294ef6c8eab1"}
,"C:\\Users\\LENOVO THINKPAD\\projects\\courses\\code-401\\labs\\todo-app2\\src\\Components\\Todo\\index.jsx": {"path":"C:\\Users\\LENOVO THINKPAD\\projects\\courses\\code-401\\labs\\todo-app2\\src\\Components\\Todo\\index.jsx","statementMap":{"0":{"start":{"line":13,"column":13},"end":{"line":87,"column":1}},"1":{"start":{"line":15,"column":26},"end":{"line":15,"column":50}},"2":{"start":{"line":19,"column":26},"end":{"line":19,"column":38}},"3":{"start":{"line":20,"column":40},"end":{"line":20,"column":52}},"4":{"start":{"line":21,"column":38},"end":{"line":21,"column":50}},"5":{"start":{"line":22,"column":40},"end":{"line":22,"column":51}},"6":{"start":{"line":23,"column":41},"end":{"line":23,"column":72}},"7":{"start":{"line":26,"column":4},"end":{"line":26,"column":21}},"8":{"start":{"line":27,"column":4},"end":{"line":27,"column":26}},"9":{"start":{"line":28,"column":4},"end":{"line":28,"column":22}},"10":{"start":{"line":29,"column":4},"end":{"line":29,"column":29}},"11":{"start":{"line":33,"column":18},"end":{"line":33,"column":55}},"12":{"start":{"line":33,"column":39},"end":{"line":33,"column":53}},"13":{"start":{"line":34,"column":4},"end":{"line":34,"column":19}},"14":{"start":{"line":39,"column":18},"end":{"line":44,"column":6}},"15":{"start":{"line":40,"column":6},"end":{"line":42,"column":7}},"16":{"start":{"line":41,"column":8},"end":{"line":41,"column":40}},"17":{"start":{"line":43,"column":6},"end":{"line":43,"column":18}},"18":{"start":{"line":46,"column":4},"end":{"line":46,"column":19}},"19":{"start":{"line":50,"column":2},"end":{"line":71,"column":13}},"20":{"start":{"line":52,"column":23},"end":{"line":56,"column":26}},"21":{"start":{"line":56,"column":4},"end":{"line":56,"column":18}},"22":{"start":{"line":65,"column":26},"end":{"line":65,"column":38}},"23":{"start":{"line":66,"column":4},"end":{"line":66,"column":35}},"24":{"start":{"line":68,"column":4},"end":{"line":68,"column":54}},"25":{"start":{"line":75,"column":2},"end":{"line":86,"column":4}}},"fnMap":{"0":{"name":"(anonymous_0)","decl":{"start":{"line":13,"column":13},"end":{"line":13,"column":14}},"loc":{"start":{"line":13,"column":19},"end":{"line":87,"column":1}},"line":13},"1":{"name":"addItem","decl":{"start":{"line":25,"column":11},"end":{"line":25,"column":18}},"loc":{"start":{"line":25,"column":25},"end":{"line":30,"column":3}},"line":25},"2":{"name":"deleteItem","decl":{"start":{"line":32,"column":11},"end":{"line":32,"column":21}},"loc":{"start":{"line":32,"column":26},"end":{"line":35,"column":3}},"line":32},"3":{"name":"(anonymous_3)","decl":{"start":{"line":33,"column":31},"end":{"line":33,"column":32}},"loc":{"start":{"line":33,"column":39},"end":{"line":33,"column":53}},"line":33},"4":{"name":"toggleComplete","decl":{"start":{"line":37,"column":11},"end":{"line":37,"column":25}},"loc":{"start":{"line":37,"column":30},"end":{"line":48,"column":3}},"line":37},"5":{"name":"(anonymous_5)","decl":{"start":{"line":39,"column":28},"end":{"line":39,"column":29}},"loc":{"start":{"line":39,"column":36},"end":{"line":44,"column":5}},"line":39},"6":{"name":"(anonymous_6)","decl":{"start":{"line":50,"column":12},"end":{"line":50,"column":13}},"loc":{"start":{"line":50,"column":18},"end":{"line":71,"column":3}},"line":50},"7":{"name":"(anonymous_7)","decl":{"start":{"line":52,"column":36},"end":{"line":52,"column":37}},"loc":{"start":{"line":56,"column":4},"end":{"line":56,"column":18}},"line":56}},"branchMap":{"0":{"loc":{"start":{"line":40,"column":6},"end":{"line":42,"column":7}},"type":"if","locations":[{"start":{"line":40,"column":6},"end":{"line":42,"column":7}},{"start":{},"end":{}}],"line":40}},"s":{"0":1,"1":2,"2":1,"3":1,"4":1,"5":1,"6":1,"7":0,"8":0,"9":0,"10":0,"11":0,"12":0,"13":0,"14":0,"15":0,"16":0,"17":0,"18":0,"19":1,"20":0,"21":0,"22":0,"23":0,"24":0,"25":1},"f":{"0":2,"1":0,"2":0,"3":0,"4":0,"5":0,"6":0,"7":0},"b":{"0":[0,0]},"_coverageSchema":"1a1c01bbd47fc00a2c39e90264f33305004495a9","hash":"3ac106c60bb987eb4cf796cb0646250fa66f7e7a"}
,"C:\\Users\\LENOVO THINKPAD\\projects\\courses\\code-401\\labs\\todo-app2\\src\\Context\\Settings.jsx": {"path":"C:\\Users\\LENOVO THINKPAD\\projects\\courses\\code-401\\labs\\todo-app2\\src\\Context\\Settings.jsx","statementMap":{"0":{"start":{"line":3,"column":31},"end":{"line":3,"column":52}},"1":{"start":{"line":6,"column":25},"end":{"line":20,"column":1}},"2":{"start":{"line":8,"column":41},"end":{"line":8,"column":56}},"3":{"start":{"line":10,"column":33},"end":{"line":10,"column":44}},"4":{"start":{"line":12,"column":23},"end":{"line":12,"column":45}},"5":{"start":{"line":14,"column":13},"end":{"line":16,"column":1}},"6":{"start":{"line":18,"column":0},"end":{"line":18,"column":88}}},"fnMap":{"0":{"name":"(anonymous_0)","decl":{"start":{"line":6,"column":25},"end":{"line":6,"column":26}},"loc":{"start":{"line":6,"column":41},"end":{"line":20,"column":1}},"line":6}},"branchMap":{},"s":{"0":1,"1":1,"2":0,"3":0,"4":0,"5":0,"6":0},"f":{"0":0},"b":{},"_coverageSchema":"1a1c01bbd47fc00a2c39e90264f33305004495a9","hash":"ac44c3a40f4b7689c8a7a8ede183b4b6a5295ff8"}
,"C:\\Users\\LENOVO THINKPAD\\projects\\courses\\code-401\\labs\\todo-app2\\src\\hooks\\form.js": {"path":"C:\\Users\\LENOVO THINKPAD\\projects\\courses\\code-401\\labs\\todo-app2\\src\\hooks\\form.js","statementMap":{"0":{"start":{"line":3,"column":16},"end":{"line":42,"column":1}},"1":{"start":{"line":5,"column":30},"end":{"line":5,"column":42}},"2":{"start":{"line":7,"column":23},"end":{"line":10,"column":3}},"3":{"start":{"line":8,"column":4},"end":{"line":8,"column":27}},"4":{"start":{"line":9,"column":4},"end":{"line":9,"column":26}},"5":{"start":{"line":12,"column":23},"end":{"line":31,"column":3}},"6":{"start":{"line":14,"column":4},"end":{"line":24,"column":5}},"7":{"start":{"line":15,"column":6},"end":{"line":15,"column":31}},"8":{"start":{"line":16,"column":6},"end":{"line":16,"column":33}},"9":{"start":{"line":18,"column":6},"end":{"line":18,"column":45}},"10":{"start":{"line":22,"column":6},"end":{"line":22,"column":26}},"11":{"start":{"line":23,"column":6},"end":{"line":23,"column":20}},"12":{"start":{"line":26,"column":4},"end":{"line":28,"column":5}},"13":{"start":{"line":27,"column":6},"end":{"line":27,"column":30}},"14":{"start":{"line":30,"column":4},"end":{"line":30,"column":56}},"15":{"start":{"line":30,"column":25},"end":{"line":30,"column":53}},"16":{"start":{"line":33,"column":2},"end":{"line":35,"column":22}},"17":{"start":{"line":34,"column":4},"end":{"line":34,"column":31}},"18":{"start":{"line":37,"column":2},"end":{"line":41,"column":4}}},"fnMap":{"0":{"name":"(anonymous_0)","decl":{"start":{"line":3,"column":16},"end":{"line":3,"column":17}},"loc":{"start":{"line":3,"column":48},"end":{"line":42,"column":1}},"line":3},"1":{"name":"(anonymous_1)","decl":{"start":{"line":7,"column":23},"end":{"line":7,"column":24}},"loc":{"start":{"line":7,"column":34},"end":{"line":10,"column":3}},"line":7},"2":{"name":"(anonymous_2)","decl":{"start":{"line":12,"column":23},"end":{"line":12,"column":24}},"loc":{"start":{"line":12,"column":34},"end":{"line":31,"column":3}},"line":12},"3":{"name":"(anonymous_3)","decl":{"start":{"line":30,"column":14},"end":{"line":30,"column":15}},"loc":{"start":{"line":30,"column":25},"end":{"line":30,"column":53}},"line":30},"4":{"name":"(anonymous_4)","decl":{"start":{"line":33,"column":13},"end":{"line":33,"column":14}},"loc":{"start":{"line":33,"column":19},"end":{"line":35,"column":3}},"line":33}},"branchMap":{"0":{"loc":{"start":{"line":3,"column":27},"end":{"line":3,"column":43}},"type":"default-arg","locations":[{"start":{"line":3,"column":41},"end":{"line":3,"column":43}}],"line":3},"1":{"loc":{"start":{"line":14,"column":4},"end":{"line":24,"column":5}},"type":"if","locations":[{"start":{"line":14,"column":4},"end":{"line":24,"column":5}},{"start":{"line":17,"column":11},"end":{"line":24,"column":5}}],"line":14},"2":{"loc":{"start":{"line":26,"column":4},"end":{"line":28,"column":5}},"type":"if","locations":[{"start":{"line":26,"column":4},"end":{"line":28,"column":5}},{"start":{},"end":{}}],"line":26}},"s":{"0":1,"1":1,"2":1,"3":0,"4":0,"5":1,"6":0,"7":0,"8":0,"9":0,"10":0,"11":0,"12":0,"13":0,"14":0,"15":0,"16":1,"17":0,"18":1},"f":{"0":1,"1":0,"2":0,"3":0,"4":0},"b":{"0":[0],"1":[0,0],"2":[0,0]},"_coverageSchema":"1a1c01bbd47fc00a2c39e90264f33305004495a9","hash":"7268876087b32c07f43045d847f9afca75abf0a2"}
}
